<?xml version="1.0" encoding="UTF-8"?>
<testExecutions version="1">
  <file path="/home/jander.nery/projects/stone-challenger/test/health-check/health-check.spec.ts">
    <testCase name="AppController (unit) check should return &quot;OK&quot;" duration="7"/>
  </file>
</testExecutions>